{"C:\\Users\\RK697CX\\Downloads\\publicis\\publicis-nodejs\\app\\controllers\\creditcard.controller.js": {"path":"C:\\Users\\RK697CX\\Downloads\\publicis\\publicis-nodejs\\app\\controllers\\creditcard.controller.js","statementMap":{"0":{"start":{"line":1,"column":11},"end":{"line":1,"column":51}},"1":{"start":{"line":3,"column":0},"end":{"line":39,"column":2}},"2":{"start":{"line":5,"column":4},"end":{"line":7,"column":5}},"3":{"start":{"line":6,"column":8},"end":{"line":6,"column":83}},"4":{"start":{"line":9,"column":4},"end":{"line":11,"column":5}},"5":{"start":{"line":10,"column":8},"end":{"line":10,"column":83}},"6":{"start":{"line":13,"column":21},"end":{"line":13,"column":46}},"7":{"start":{"line":14,"column":4},"end":{"line":16,"column":5}},"8":{"start":{"line":15,"column":8},"end":{"line":15,"column":80}},"9":{"start":{"line":17,"column":4},"end":{"line":17,"column":24}},"10":{"start":{"line":18,"column":4},"end":{"line":37,"column":5}},"11":{"start":{"line":20,"column":19},"end":{"line":25,"column":10}},"12":{"start":{"line":27,"column":8},"end":{"line":34,"column":11}},"13":{"start":{"line":28,"column":12},"end":{"line":33,"column":13}},"14":{"start":{"line":29,"column":16},"end":{"line":29,"column":33}},"15":{"start":{"line":30,"column":16},"end":{"line":30,"column":98}},"16":{"start":{"line":32,"column":16},"end":{"line":32,"column":74}},"17":{"start":{"line":36,"column":8},"end":{"line":36,"column":88}},"18":{"start":{"line":41,"column":0},"end":{"line":60,"column":1}},"19":{"start":{"line":42,"column":4},"end":{"line":42,"column":22}},"20":{"start":{"line":43,"column":14},"end":{"line":43,"column":15}},"21":{"start":{"line":44,"column":4},"end":{"line":58,"column":5}},"22":{"start":{"line":46,"column":21},"end":{"line":46,"column":32}},"23":{"start":{"line":47,"column":8},"end":{"line":53,"column":9}},"24":{"start":{"line":47,"column":21},"end":{"line":47,"column":27}},"25":{"start":{"line":48,"column":24},"end":{"line":48,"column":56}},"26":{"start":{"line":49,"column":12},"end":{"line":51,"column":13}},"27":{"start":{"line":50,"column":16},"end":{"line":50,"column":50}},"28":{"start":{"line":52,"column":12},"end":{"line":52,"column":30}},"29":{"start":{"line":55,"column":8},"end":{"line":55,"column":29}},"30":{"start":{"line":57,"column":8},"end":{"line":57,"column":25}},"31":{"start":{"line":59,"column":4},"end":{"line":59,"column":17}},"32":{"start":{"line":62,"column":0},"end":{"line":68,"column":1}},"33":{"start":{"line":63,"column":14},"end":{"line":63,"column":23}},"34":{"start":{"line":64,"column":4},"end":{"line":66,"column":5}},"35":{"start":{"line":65,"column":8},"end":{"line":65,"column":22}},"36":{"start":{"line":67,"column":4},"end":{"line":67,"column":15}},"37":{"start":{"line":70,"column":0},"end":{"line":79,"column":2}},"38":{"start":{"line":72,"column":4},"end":{"line":78,"column":7}},"39":{"start":{"line":73,"column":8},"end":{"line":77,"column":9}},"40":{"start":{"line":74,"column":12},"end":{"line":74,"column":93}},"41":{"start":{"line":76,"column":12},"end":{"line":76,"column":88}},"42":{"start":{"line":81,"column":0},"end":{"line":84,"column":1}}},"fnMap":{"0":{"name":"(anonymous_0)","decl":{"start":{"line":3,"column":17},"end":{"line":3,"column":18}},"loc":{"start":{"line":3,"column":37},"end":{"line":39,"column":1}},"line":3},"1":{"name":"(anonymous_1)","decl":{"start":{"line":27,"column":18},"end":{"line":27,"column":19}},"loc":{"start":{"line":27,"column":39},"end":{"line":34,"column":9}},"line":27},"2":{"name":"(anonymous_2)","decl":{"start":{"line":41,"column":21},"end":{"line":41,"column":22}},"loc":{"start":{"line":41,"column":31},"end":{"line":60,"column":1}},"line":41},"3":{"name":"(anonymous_3)","decl":{"start":{"line":62,"column":21},"end":{"line":62,"column":22}},"loc":{"start":{"line":62,"column":32},"end":{"line":68,"column":1}},"line":62},"4":{"name":"(anonymous_4)","decl":{"start":{"line":70,"column":18},"end":{"line":70,"column":19}},"loc":{"start":{"line":70,"column":38},"end":{"line":79,"column":1}},"line":70},"5":{"name":"(anonymous_5)","decl":{"start":{"line":72,"column":14},"end":{"line":72,"column":15}},"loc":{"start":{"line":72,"column":35},"end":{"line":78,"column":5}},"line":72}},"branchMap":{"0":{"loc":{"start":{"line":5,"column":4},"end":{"line":7,"column":5}},"type":"if","locations":[{"start":{"line":5,"column":4},"end":{"line":7,"column":5}},{"start":{},"end":{}}],"line":5},"1":{"loc":{"start":{"line":9,"column":4},"end":{"line":11,"column":5}},"type":"if","locations":[{"start":{"line":9,"column":4},"end":{"line":11,"column":5}},{"start":{},"end":{}}],"line":9},"2":{"loc":{"start":{"line":9,"column":8},"end":{"line":9,"column":85}},"type":"binary-expr","locations":[{"start":{"line":9,"column":8},"end":{"line":9,"column":30}},{"start":{"line":9,"column":34},"end":{"line":9,"column":60}},{"start":{"line":9,"column":64},"end":{"line":9,"column":85}}],"line":9},"3":{"loc":{"start":{"line":14,"column":4},"end":{"line":16,"column":5}},"type":"if","locations":[{"start":{"line":14,"column":4},"end":{"line":16,"column":5}},{"start":{},"end":{}}],"line":14},"4":{"loc":{"start":{"line":18,"column":4},"end":{"line":37,"column":5}},"type":"if","locations":[{"start":{"line":18,"column":4},"end":{"line":37,"column":5}},{"start":{"line":35,"column":11},"end":{"line":37,"column":5}}],"line":18},"5":{"loc":{"start":{"line":28,"column":12},"end":{"line":33,"column":13}},"type":"if","locations":[{"start":{"line":28,"column":12},"end":{"line":33,"column":13}},{"start":{"line":31,"column":19},"end":{"line":33,"column":13}}],"line":28},"6":{"loc":{"start":{"line":49,"column":12},"end":{"line":51,"column":13}},"type":"if","locations":[{"start":{"line":49,"column":12},"end":{"line":51,"column":13}},{"start":{},"end":{}}],"line":49},"7":{"loc":{"start":{"line":64,"column":4},"end":{"line":66,"column":5}},"type":"if","locations":[{"start":{"line":64,"column":4},"end":{"line":66,"column":5}},{"start":{},"end":{}}],"line":64},"8":{"loc":{"start":{"line":73,"column":8},"end":{"line":77,"column":9}},"type":"if","locations":[{"start":{"line":73,"column":8},"end":{"line":77,"column":9}},{"start":{"line":75,"column":15},"end":{"line":77,"column":9}}],"line":73}},"s":{"0":1,"1":1,"2":0,"3":0,"4":0,"5":0,"6":0,"7":0,"8":0,"9":0,"10":0,"11":0,"12":0,"13":0,"14":0,"15":0,"16":0,"17":0,"18":1,"19":1,"20":1,"21":1,"22":1,"23":1,"24":1,"25":0,"26":0,"27":0,"28":0,"29":1,"30":0,"31":0,"32":1,"33":0,"34":0,"35":0,"36":0,"37":1,"38":0,"39":0,"40":0,"41":0,"42":1},"f":{"0":0,"1":0,"2":1,"3":0,"4":0,"5":0},"b":{"0":[0,0],"1":[0,0],"2":[0,0,0],"3":[0,0],"4":[0,0],"5":[0,0],"6":[0,0],"7":[0,0],"8":[0,0]},"_coverageSchema":"1a1c01bbd47fc00a2c39e90264f33305004495a9","hash":"5342ec1d0b79191748ab7076ac2300752fc1437b"}
,"C:\\Users\\RK697CX\\Downloads\\publicis\\publicis-nodejs\\app\\models\\creditcard.model.js": {"path":"C:\\Users\\RK697CX\\Downloads\\publicis\\publicis-nodejs\\app\\models\\creditcard.model.js","statementMap":{"0":{"start":{"line":1,"column":15},"end":{"line":1,"column":34}},"1":{"start":{"line":3,"column":23},"end":{"line":10,"column":2}},"2":{"start":{"line":12,"column":0},"end":{"line":12,"column":64}}},"fnMap":{},"branchMap":{},"s":{"0":1,"1":1,"2":1},"f":{},"b":{},"_coverageSchema":"1a1c01bbd47fc00a2c39e90264f33305004495a9","hash":"5425cacdc90d78127bde25c7bb0bd40016982bd3"}
}
